Starting NMTRAN
        1 file(s) copied.
        1 file(s) copied.
  
 WARNINGS AND ERRORS (IF ANY) FOR PROBLEM    1
             
 (WARNING  2) NM-TRAN INFERS THAT THE DATA ARE POPULATION.

 LIM VALUES MAXLIM ASSESSED BY NMTRAN: 1,2,3,4,5,6,7,8,10,11,13,15,16        
        1 file(s) copied.
Pathlist information for compiler and MPI systems are located in nmpathlist.txt

Recompiling certain components.
starting wait
ending wait
Exiting lpreddo
Compiling FSUBS
Building NONMEM Executable
Starting nonmem execution ...
License Registered to: Medical University of Gdansk
Expiration Date:    14 JUL 2024
Current Date:       21 SEP 2023
Days until program expires : 298


 First Order Conditional Estimation with Interaction
 MONITORING OF SEARCH:


0ITERATION NO.:    0    OBJECTIVE VALUE:   297.828866088214        NO. OF FUNC. EVALS.:   6
 CUMULATIVE NO. OF FUNC. EVALS.:        6
 NPARAMETR:  1.0000E+00  2.0000E+01  1.0000E+00  1.0000E-01  1.0000E-01  1.0000E-01  1.0000E+00
 PARAMETER:  1.0000E-01  1.0000E-01  1.0000E-01  1.0000E-01  1.0000E-01  1.0000E-01  1.0000E-01
 GRADIENT:  -1.9871E+02 -1.1363E+02 -7.9073E+01 -1.5574E+02 -3.7412E+01 -4.2831E+01  4.0879E+01

0ITERATION NO.:    1    OBJECTIVE VALUE:   160.865719957502        NO. OF FUNC. EVALS.:   7
 CUMULATIVE NO. OF FUNC. EVALS.:       13
 NPARAMETR:  1.8221E+00  2.8186E+01  1.2697E+00  2.5613E-01  1.2535E-01  1.2952E-01  7.8124E-01
 PARAMETER:  7.0000E-01  4.4311E-01  3.3876E-01  5.7026E-01  2.1296E-01  2.2933E-01 -2.3435E-02
 GRADIENT:  -3.6254E+01 -2.1940E+01 -2.9486E+01  1.7000E+00  1.5956E+01 -2.4046E+01  6.2026E+01

0ITERATION NO.:    2    OBJECTIVE VALUE:   143.929182588418        NO. OF FUNC. EVALS.:   8
 CUMULATIVE NO. OF FUNC. EVALS.:       21
 NPARAMETR:  1.9720E+00  2.9664E+01  1.4097E+00  2.1641E-01  1.0351E-01  1.5689E-01  4.4516E-01
 PARAMETER:  7.7907E-01  4.9419E-01  4.4335E-01  4.8601E-01  1.1723E-01  3.2519E-01 -3.0466E-01
 GRADIENT:  -3.4369E+01 -1.4512E+01 -1.5146E+01  4.2171E+00  1.6779E+01 -2.5410E+01 -2.4936E+01

0ITERATION NO.:    3    OBJECTIVE VALUE:   122.129952116549        NO. OF FUNC. EVALS.:   7
 CUMULATIVE NO. OF FUNC. EVALS.:       28
 NPARAMETR:  2.5817E+00  3.2755E+01  1.7338E+00  1.1279E-01  5.1226E-02  3.2359E-01  4.7228E-01
 PARAMETER:  1.0485E+00  5.9334E-01  6.5031E-01  1.6017E-01 -2.3446E-01  6.8715E-01 -2.7509E-01
 GRADIENT:  -9.6475E+00  1.1505E+01  5.5288E+00  8.4138E+00  1.1955E+01 -5.3902E+00 -5.2493E+00

0ITERATION NO.:    4    OBJECTIVE VALUE:   121.082295807516        NO. OF FUNC. EVALS.:   9
 CUMULATIVE NO. OF FUNC. EVALS.:       37
 NPARAMETR:  2.7631E+00  3.0988E+01  1.6873E+00  1.0965E-01  4.6511E-02  3.3601E-01  4.6392E-01
 PARAMETER:  1.1163E+00  5.3787E-01  6.2312E-01  1.4606E-01 -2.8274E-01  7.0599E-01 -2.8402E-01
 GRADIENT:   2.1799E+00 -1.1388E+01  4.5657E+00  8.4173E+00  1.0958E+01 -4.6714E+00 -7.7365E+00

0ITERATION NO.:    5    OBJECTIVE VALUE:   120.359595067579        NO. OF FUNC. EVALS.:   8
 CUMULATIVE NO. OF FUNC. EVALS.:       45
 NPARAMETR:  2.9294E+00  3.2321E+01  1.4894E+00  1.0814E-01  3.7238E-02  3.3609E-01  4.4853E-01
 PARAMETER:  1.1748E+00  5.7999E-01  4.9840E-01  1.3911E-01 -3.9392E-01  7.0610E-01 -3.0089E-01
 GRADIENT:   1.4162E+01  1.3131E+01 -3.9058E+00  7.2348E+00  8.8958E+00 -4.4084E+00 -1.5069E+01

0ITERATION NO.:    6    OBJECTIVE VALUE:   119.872600416549        NO. OF FUNC. EVALS.:   7
 CUMULATIVE NO. OF FUNC. EVALS.:       52
 NPARAMETR:  2.7933E+00  3.1999E+01  1.4273E+00  1.4356E-01  2.2787E-02  3.7011E-01  4.4261E-01
 PARAMETER:  1.1272E+00  5.6998E-01  4.5576E-01  2.8078E-01 -6.3949E-01  7.5432E-01 -3.0753E-01
 GRADIENT:   3.4471E+00  1.1116E+01 -6.1167E+00  1.0718E+01  3.6123E+00 -2.4302E+00 -1.8295E+01

0ITERATION NO.:    7    OBJECTIVE VALUE:   119.780238822811        NO. OF FUNC. EVALS.:   7
 CUMULATIVE NO. OF FUNC. EVALS.:       59
 NPARAMETR:  2.8580E+00  3.2223E+01  1.5454E+00  1.4287E-01  1.7395E-02  2.8092E-01  4.5910E-01
 PARAMETER:  1.1501E+00  5.7693E-01  5.3529E-01  2.7838E-01 -7.7450E-01  6.1645E-01 -2.8925E-01
 GRADIENT:   7.4499E+00  1.9634E+01 -1.5200E+00  9.9934E+00  3.2548E-01 -7.4567E+00 -1.2662E+01

0ITERATION NO.:    8    OBJECTIVE VALUE:   117.864020625487        NO. OF FUNC. EVALS.:   9
 CUMULATIVE NO. OF FUNC. EVALS.:       68
 NPARAMETR:  2.8529E+00  3.1758E+01  1.6395E+00  1.1207E-01  1.9102E-02  4.1042E-01  4.8351E-01
 PARAMETER:  1.1483E+00  5.6242E-01  5.9437E-01  1.5699E-01 -7.2770E-01  8.0600E-01 -2.6334E-01
 GRADIENT:   8.1519E+00  2.8928E+00  2.3244E+00  7.0661E+00  1.2225E+00  2.9378E-01  4.8265E-01

0ITERATION NO.:    9    OBJECTIVE VALUE:   117.260608677649        NO. OF FUNC. EVALS.:   7
 CUMULATIVE NO. OF FUNC. EVALS.:       75
 NPARAMETR:  2.7762E+00  3.1949E+01  1.6691E+00  8.0707E-02  2.2029E-02  4.9773E-01  4.8807E-01
 PARAMETER:  1.1211E+00  5.6841E-01  6.1229E-01 -7.1738E-03 -6.5640E-01  9.0244E-01 -2.5865E-01
 GRADIENT:   4.0293E+00  6.0684E+00  2.4566E+00  2.8982E+00  1.9987E+00  3.5008E+00  3.3605E+00

0ITERATION NO.:   10    OBJECTIVE VALUE:   117.012775306221        NO. OF FUNC. EVALS.:   7
 CUMULATIVE NO. OF FUNC. EVALS.:       82
 NPARAMETR:  2.7559E+00  3.1510E+01  1.6526E+00  7.4050E-02  2.0603E-02  4.6108E-01  4.8594E-01
 PARAMETER:  1.1138E+00  5.5457E-01  6.0236E-01 -5.0217E-02 -6.8986E-01  8.6420E-01 -2.6083E-01
 GRADIENT:   1.4899E+00 -6.3224E+00  2.4210E+00  1.3530E+00  1.0517E+00  2.2361E+00  2.3246E+00

0ITERATION NO.:   11    OBJECTIVE VALUE:   116.831931474882        NO. OF FUNC. EVALS.:   7
 CUMULATIVE NO. OF FUNC. EVALS.:       89
 NPARAMETR:  2.7351E+00  3.1702E+01  1.5679E+00  6.7182E-02  1.8581E-02  3.8982E-01  4.8150E-01
 PARAMETER:  1.1062E+00  5.6065E-01  5.4976E-01 -9.8879E-02 -7.4151E-01  7.8026E-01 -2.6542E-01
 GRADIENT:  -5.8399E-01 -2.6212E-01 -2.7249E-01 -5.8571E-01 -4.2143E-01 -5.7218E-01 -4.2428E-01

0ITERATION NO.:   12    OBJECTIVE VALUE:   116.812672241728        NO. OF FUNC. EVALS.:   7
 CUMULATIVE NO. OF FUNC. EVALS.:       96
 NPARAMETR:  2.7400E+00  3.1710E+01  1.5779E+00  6.9286E-02  1.9108E-02  4.0277E-01  4.8214E-01
 PARAMETER:  1.1080E+00  5.6091E-01  5.5607E-01 -8.3463E-02 -7.2753E-01  7.9660E-01 -2.6476E-01
 GRADIENT:   2.3635E-02 -4.8935E-02  6.8846E-02  3.2378E-02  5.2194E-03  2.2132E-02  5.2914E-02

0ITERATION NO.:   13    OBJECTIVE VALUE:   116.812672241728        NO. OF FUNC. EVALS.:  14
 CUMULATIVE NO. OF FUNC. EVALS.:      110
 NPARAMETR:  2.7400E+00  3.1710E+01  1.5779E+00  6.9286E-02  1.9108E-02  4.0277E-01  4.8214E-01
 PARAMETER:  1.1080E+00  5.6091E-01  5.5607E-01 -8.3463E-02 -7.2753E-01  7.9660E-01 -2.6476E-01
 GRADIENT:  -1.4590E+00 -3.0244E+00 -3.8069E-01  3.2378E-02  5.2194E-03  2.2132E-02 -1.6986E-02

0ITERATION NO.:   14    OBJECTIVE VALUE:   116.803779948338        NO. OF FUNC. EVALS.:  13
 CUMULATIVE NO. OF FUNC. EVALS.:      123
 NPARAMETR:  2.7551E+00  3.1800E+01  1.5889E+00  6.8932E-02  1.9079E-02  4.0261E-01  4.8197E-01
 PARAMETER:  1.1134E+00  5.6373E-01  5.6305E-01 -8.6028E-02 -7.2830E-01  7.9640E-01 -2.6493E-01
 GRADIENT:   3.5268E-01 -1.4376E-01 -3.2458E-02 -5.8362E-02 -5.6839E-02  1.2532E-02 -9.7369E-02

0ITERATION NO.:   15    OBJECTIVE VALUE:   116.803425772118        NO. OF FUNC. EVALS.:  13
 CUMULATIVE NO. OF FUNC. EVALS.:      136
 NPARAMETR:  2.7510E+00  3.1812E+01  1.5904E+00  6.9091E-02  1.9169E-02  4.0245E-01  4.8226E-01
 PARAMETER:  1.1120E+00  5.6413E-01  5.6398E-01 -8.4871E-02 -7.2595E-01  7.9620E-01 -2.6464E-01
 GRADIENT:  -5.0893E-02  8.8247E-02  1.1399E-03  1.5735E-03  4.1553E-03  4.5883E-03  2.0690E-02

0ITERATION NO.:   16    OBJECTIVE VALUE:   116.803425772118        NO. OF FUNC. EVALS.:   8
 CUMULATIVE NO. OF FUNC. EVALS.:      144
 NPARAMETR:  2.7510E+00  3.1812E+01  1.5904E+00  6.9091E-02  1.9169E-02  4.0245E-01  4.8226E-01
 PARAMETER:  1.1120E+00  5.6413E-01  5.6398E-01 -8.4871E-02 -7.2595E-01  7.9620E-01 -2.6464E-01
 GRADIENT:  -5.0893E-02  8.8247E-02  1.1399E-03  1.5735E-03  4.1553E-03  4.5883E-03  2.0690E-02
 Elapsed estimation  time in seconds:     0.53
 Elapsed covariance  time in seconds:     0.10
 Elapsed postprocess time in seconds:     0.04
 Elapsed finaloutput time in seconds:     0.03
Done with nonmem execution
