21.09.2023 
20:48
$PROBLEM 1-CMT Linear Model with 1st-Order Absorption

$INPUT ID BW DOSE TIME DV AMT MDV CMT NUM

$DATA ../nonmemdata.csv
      IGNORE="

$SUBROUTINE ADVAN2 TRANS2

$PK
TVCL = THETA(1)           ; Typical Value of Clearance
CL   = TVCL * EXP(ETA(1)) ; Individual Clearance (L/h)

TVV = THETA(2)          ; Typical Value of Volume
V   = TVV * EXP(ETA(2)) ; Individual value of Volume (L)

TVKA = THETA(3)           ; Typical Value of absorption rate
KA   = TVKA * EXP(ETA(3)) ; Individual value of Ka (1/h)

F1 = 1 ; Bioavailability
S2 = V ;

$ERROR (OBSERVATION ONLY)
IPRED = F
Y=IPRED + EPS(1) ; Additive Error

$THETA
(0, 1)   ; [L/day] CL/F
(0, 20)  ; [L] V/F
(0, 1)   ; [1/h] KA

$OMEGA
0.1      ;[P] CL/F
0.1      ;[P] V/F
0.1      ;[P] KA

$SIGMA
1       ;[P] additive

$EST MAXEVAL=9999 METHOD=1 INTER SIGL=6 NSIG=3 PRINT=1 MSFO=./1.msf
$COV PRINT=E MATRIX=R

$TABLE NUM ID TIME EVID MDV CMT PRED IPRED CWRES WRES NPDE NOPRINT NOAPPEND ONEHEADERALL
FILE=sdtab1.tab
$TABLE NUM ID ETAS(1:LAST) KA CL V NOPRINT NOAPPEND ONEHEADERALL
FILE=patab1.tab
  
NM-TRAN MESSAGES 
  
 WARNINGS AND ERRORS (IF ANY) FOR PROBLEM    1
             
 (WARNING  2) NM-TRAN INFERS THAT THE DATA ARE POPULATION.

 LIM VALUES MAXLIM ASSESSED BY NMTRAN: 1,2,3,4,5,6,7,8,10,11,13,15,16        
  
License Registered to: Medical University of Gdansk
Expiration Date:    14 JUL 2024
Current Date:       21 SEP 2023
Days until program expires : 298
1NONLINEAR MIXED EFFECTS MODEL PROGRAM (NONMEM) VERSION 7.4.4
 ORIGINALLY DEVELOPED BY STUART BEAL, LEWIS SHEINER, AND ALISON BOECKMANN
 CURRENT DEVELOPERS ARE ROBERT BAUER, ICON DEVELOPMENT SOLUTIONS,
 AND ALISON BOECKMANN. IMPLEMENTATION, EFFICIENCY, AND STANDARDIZATION
 PERFORMED BY NOUS INFOSYSTEMS.

 PROBLEM NO.:         1
 1-CMT Linear Model with 1st-Order Absorption
0DATA CHECKOUT RUN:              NO
 DATA SET LOCATED ON UNIT NO.:    2
 THIS UNIT TO BE REWOUND:        NO
 NO. OF DATA RECS IN DATA SET:      144
 NO. OF DATA ITEMS IN DATA SET:  10
 ID DATA ITEM IS DATA ITEM NO.:   1
 DEP VARIABLE IS DATA ITEM NO.:   5
 MDV DATA ITEM IS DATA ITEM NO.:  7
0INDICES PASSED TO SUBROUTINE PRED:
  10   4   6   0   0   0   8   0   0   0   0
0LABELS FOR DATA ITEMS:
 ID BW DOSE TIME DV AMT MDV CMT NUM EVID
0(NONBLANK) LABELS FOR PRED-DEFINED ITEMS:
 CL V KA IPRED
0FORMAT FOR DATA:
 (9E8.0,1F2.0)

 TOT. NO. OF OBS RECS:      132
 TOT. NO. OF INDIVIDUALS:       12
0LENGTH OF THETA:   3
0DEFAULT THETA BOUNDARY TEST OMITTED:    NO
0OMEGA HAS SIMPLE DIAGONAL FORM WITH DIMENSION:   3
0DEFAULT OMEGA BOUNDARY TEST OMITTED:    NO
0SIGMA HAS SIMPLE DIAGONAL FORM WITH DIMENSION:   1
0DEFAULT SIGMA BOUNDARY TEST OMITTED:    NO
0INITIAL ESTIMATE OF THETA:
 LOWER BOUND    INITIAL EST    UPPER BOUND
  0.0000E+00     0.1000E+01     0.1000E+07
  0.0000E+00     0.2000E+02     0.1000E+07
  0.0000E+00     0.1000E+01     0.1000E+07
0INITIAL ESTIMATE OF OMEGA:
 0.1000E+00
 0.0000E+00   0.1000E+00
 0.0000E+00   0.0000E+00   0.1000E+00
0INITIAL ESTIMATE OF SIGMA:
 0.1000E+01
0COVARIANCE STEP OMITTED:        NO
 R MATRIX SUBSTITUTED:          YES
 S MATRIX SUBSTITUTED:           NO
 EIGENVLS. PRINTED:             YES
 COMPRESSED FORMAT:              NO
 GRADIENT METHOD USED:     NOSLOW
 SIGDIGITS ETAHAT (SIGLO):                  -1
 SIGDIGITS GRADIENTS (SIGL):                -1
 EXCLUDE COV FOR FOCE (NOFCOV):              NO
 TURN OFF Cholesky Transposition of R Matrix (CHOLROFF): NO
 KNUTHSUMOFF:                                -1
 RESUME COV ANALYSIS (RESUME):               NO
 SIR SAMPLE SIZE (SIRSAMPLE):              -1
 NON-LINEARLY TRANSFORM THETAS DURING COV (THBND): 1
 PRECONDTIONING CYCLES (PRECOND):        0
 PRECONDTIONING TYPES (PRECONDS):        TOS
 FORCED PRECONDTIONING CYCLES (PFCOND):0
 PRECONDTIONING TYPE (PRETYPE):        0
 FORCED POS. DEFINITE SETTING: (FPOSDEF):0
0TABLES STEP OMITTED:    NO
 NO. OF TABLES:           2
 SEED NUMBER (SEED):    11456
 RANMETHOD:             3U
 MC SAMPLES (ESAMPLE):    300
 WRES SQUARE ROOT TYPE (WRESCHOL): EIGENVALUE
0-- TABLE   1 --
0RECORDS ONLY:    ALL
04 COLUMNS APPENDED:    NO
 PRINTED:                NO
 HEADER:                YES
 FILE TO BE FORWARDED:   NO
 FORMAT:                S1PE11.4
 LFORMAT:
 RFORMAT:
 FIXED_EFFECT_ETAS:
0USER-CHOSEN ITEMS:
 NUM ID TIME EVID MDV CMT PRED IPRED CWRES WRES NPDE
0-- TABLE   2 --
0RECORDS ONLY:    ALL
04 COLUMNS APPENDED:    NO
 PRINTED:                NO
 HEADER:                YES
 FILE TO BE FORWARDED:   NO
 FORMAT:                S1PE11.4
 LFORMAT:
 RFORMAT:
 FIXED_EFFECT_ETAS:
0USER-CHOSEN ITEMS:
 NUM ID ETA1 ETA2 ETA3 KA CL V
1DOUBLE PRECISION PREDPP VERSION 7.4.4

 ONE COMPARTMENT MODEL WITH FIRST-ORDER ABSORPTION (ADVAN2)
0MAXIMUM NO. OF BASIC PK PARAMETERS:   3
0BASIC PK PARAMETERS (AFTER TRANSLATION):
   ELIMINATION RATE (K) IS BASIC PK PARAMETER NO.:  1
   ABSORPTION RATE (KA) IS BASIC PK PARAMETER NO.:  3

 TRANSLATOR WILL CONVERT PARAMETERS
 CLEARANCE (CL) AND VOLUME (V) TO K (TRANS2)
0COMPARTMENT ATTRIBUTES
 COMPT. NO.   FUNCTION   INITIAL    ON/OFF      DOSE      DEFAULT    DEFAULT
                         STATUS     ALLOWED    ALLOWED    FOR DOSE   FOR OBS.
    1         DEPOT        OFF        YES        YES        YES        NO
    2         CENTRAL      ON         NO         YES        NO         YES
    3         OUTPUT       OFF        YES        NO         NO         NO
1
 ADDITIONAL PK PARAMETERS - ASSIGNMENT OF ROWS IN GG
 COMPT. NO.                             INDICES
              SCALE      BIOAVAIL.   ZERO-ORDER  ZERO-ORDER  ABSORB
                         FRACTION    RATE        DURATION    LAG
    1            *           4           *           *           *
    2            5           *           *           *           *
    3            *           -           -           -           -
             - PARAMETER IS NOT ALLOWED FOR THIS MODEL
             * PARAMETER IS NOT SUPPLIED BY PK SUBROUTINE;
               WILL DEFAULT TO ONE IF APPLICABLE
0DATA ITEM INDICES USED BY PRED ARE:
   EVENT ID DATA ITEM IS DATA ITEM NO.:     10
   TIME DATA ITEM IS DATA ITEM NO.:          4
   DOSE AMOUNT DATA ITEM IS DATA ITEM NO.:   6
   COMPT. NO. DATA ITEM IS DATA ITEM NO.:    8

0PK SUBROUTINE CALLED WITH EVERY EVENT RECORD.
 PK SUBROUTINE NOT CALLED AT NONEVENT (ADDITIONAL OR LAGGED) DOSE TIMES.
0DURING SIMULATION, ERROR SUBROUTINE CALLED WITH EVERY EVENT RECORD.
 OTHERWISE, ERROR SUBROUTINE CALLED ONLY WITH OBSERVATION EVENTS.
1


 #TBLN:      1
 #METH: First Order Conditional Estimation with Interaction

 ESTIMATION STEP OMITTED:                 NO
 ANALYSIS TYPE:                           POPULATION
 NUMBER OF SADDLE POINT RESET ITERATIONS:      0
 GRADIENT METHOD USED:               NOSLOW
 CONDITIONAL ESTIMATES USED:              YES
 CENTERED ETA:                            NO
 EPS-ETA INTERACTION:                     YES
 LAPLACIAN OBJ. FUNC.:                    NO
 NO. OF FUNCT. EVALS. ALLOWED:            9999
 NO. OF SIG. FIGURES REQUIRED:            3
 INTERMEDIATE PRINTOUT:                   YES
 ESTIMATE OUTPUT TO MSF:                  YES
 IND. OBJ. FUNC. VALUES SORTED:           NO
 NUMERICAL DERIVATIVE
       FILE REQUEST (NUMDER):               NONE
 MAP (ETAHAT) ESTIMATION METHOD (OPTMAP):   0
 ETA HESSIAN EVALUATION METHOD (ETADER):    0
 INITIAL ETA FOR MAP ESTIMATION (MCETA):    0
 SIGDIGITS FOR MAP ESTIMATION (SIGLO):      6
 GRADIENT SIGDIGITS OF
       FIXED EFFECTS PARAMETERS (SIGL):     6
 NOPRIOR SETTING (NOPRIOR):                 OFF
 NOCOV SETTING (NOCOV):                     OFF
 DERCONT SETTING (DERCONT):                 OFF
 FINAL ETA RE-EVALUATION (FNLETA):          ON
 EXCLUDE NON-INFLUENTIAL (NON-INFL.) ETAS
       IN SHRINKAGE (ETASTYPE):             NO
 NON-INFL. ETA CORRECTION (NONINFETA):      OFF
 RAW OUTPUT FILE (FILE): 1.ext
 EXCLUDE TITLE (NOTITLE):                   NO
 EXCLUDE COLUMN LABELS (NOLABEL):           NO
 FORMAT FOR ADDITIONAL FILES (FORMAT):      S1PE12.5
 PARAMETER ORDER FOR OUTPUTS (ORDER):       TSOL
 WISHART PRIOR DF INTERPRETATION (WISHTYPE):0
 KNUTHSUMOFF:                               0
 INCLUDE LNTWOPI:                           NO
 INCLUDE CONSTANT TERM TO PRIOR (PRIORC):   NO
 INCLUDE CONSTANT TERM TO OMEGA (ETA) (OLNTWOPI):NO
 ADDITIONAL CONVERGENCE TEST (CTYPE=4)?:    NO
 EM OR BAYESIAN METHOD USED:                 NONE


 THE FOLLOWING LABELS ARE EQUIVALENT
 PRED=PREDI
 RES=RESI
 WRES=WRESI
 IWRS=IWRESI
 IPRD=IPREDI
 IRS=IRESI

 MONITORING OF SEARCH:


0ITERATION NO.:    0    OBJECTIVE VALUE:   297.828866088214        NO. OF FUNC. EVALS.:   6
 CUMULATIVE NO. OF FUNC. EVALS.:        6
 NPARAMETR:  1.0000E+00  2.0000E+01  1.0000E+00  1.0000E-01  1.0000E-01  1.0000E-01  1.0000E+00
 PARAMETER:  1.0000E-01  1.0000E-01  1.0000E-01  1.0000E-01  1.0000E-01  1.0000E-01  1.0000E-01
 GRADIENT:  -1.9871E+02 -1.1363E+02 -7.9073E+01 -1.5574E+02 -3.7412E+01 -4.2831E+01  4.0879E+01

0ITERATION NO.:    1    OBJECTIVE VALUE:   160.865719957502        NO. OF FUNC. EVALS.:   7
 CUMULATIVE NO. OF FUNC. EVALS.:       13
 NPARAMETR:  1.8221E+00  2.8186E+01  1.2697E+00  2.5613E-01  1.2535E-01  1.2952E-01  7.8124E-01
 PARAMETER:  7.0000E-01  4.4311E-01  3.3876E-01  5.7026E-01  2.1296E-01  2.2933E-01 -2.3435E-02
 GRADIENT:  -3.6254E+01 -2.1940E+01 -2.9486E+01  1.7000E+00  1.5956E+01 -2.4046E+01  6.2026E+01

0ITERATION NO.:    2    OBJECTIVE VALUE:   143.929182588418        NO. OF FUNC. EVALS.:   8
 CUMULATIVE NO. OF FUNC. EVALS.:       21
 NPARAMETR:  1.9720E+00  2.9664E+01  1.4097E+00  2.1641E-01  1.0351E-01  1.5689E-01  4.4516E-01
 PARAMETER:  7.7907E-01  4.9419E-01  4.4335E-01  4.8601E-01  1.1723E-01  3.2519E-01 -3.0466E-01
 GRADIENT:  -3.4369E+01 -1.4512E+01 -1.5146E+01  4.2171E+00  1.6779E+01 -2.5410E+01 -2.4936E+01

0ITERATION NO.:    3    OBJECTIVE VALUE:   122.129952116549        NO. OF FUNC. EVALS.:   7
 CUMULATIVE NO. OF FUNC. EVALS.:       28
 NPARAMETR:  2.5817E+00  3.2755E+01  1.7338E+00  1.1279E-01  5.1226E-02  3.2359E-01  4.7228E-01
 PARAMETER:  1.0485E+00  5.9334E-01  6.5031E-01  1.6017E-01 -2.3446E-01  6.8715E-01 -2.7509E-01
 GRADIENT:  -9.6475E+00  1.1505E+01  5.5288E+00  8.4138E+00  1.1955E+01 -5.3902E+00 -5.2493E+00

0ITERATION NO.:    4    OBJECTIVE VALUE:   121.082295807516        NO. OF FUNC. EVALS.:   9
 CUMULATIVE NO. OF FUNC. EVALS.:       37
 NPARAMETR:  2.7631E+00  3.0988E+01  1.6873E+00  1.0965E-01  4.6511E-02  3.3601E-01  4.6392E-01
 PARAMETER:  1.1163E+00  5.3787E-01  6.2312E-01  1.4606E-01 -2.8274E-01  7.0599E-01 -2.8402E-01
 GRADIENT:   2.1799E+00 -1.1388E+01  4.5657E+00  8.4173E+00  1.0958E+01 -4.6714E+00 -7.7365E+00

0ITERATION NO.:    5    OBJECTIVE VALUE:   120.359595067579        NO. OF FUNC. EVALS.:   8
 CUMULATIVE NO. OF FUNC. EVALS.:       45
 NPARAMETR:  2.9294E+00  3.2321E+01  1.4894E+00  1.0814E-01  3.7238E-02  3.3609E-01  4.4853E-01
 PARAMETER:  1.1748E+00  5.7999E-01  4.9840E-01  1.3911E-01 -3.9392E-01  7.0610E-01 -3.0089E-01
 GRADIENT:   1.4162E+01  1.3131E+01 -3.9058E+00  7.2348E+00  8.8958E+00 -4.4084E+00 -1.5069E+01

0ITERATION NO.:    6    OBJECTIVE VALUE:   119.872600416549        NO. OF FUNC. EVALS.:   7
 CUMULATIVE NO. OF FUNC. EVALS.:       52
 NPARAMETR:  2.7933E+00  3.1999E+01  1.4273E+00  1.4356E-01  2.2787E-02  3.7011E-01  4.4261E-01
 PARAMETER:  1.1272E+00  5.6998E-01  4.5576E-01  2.8078E-01 -6.3949E-01  7.5432E-01 -3.0753E-01
 GRADIENT:   3.4471E+00  1.1116E+01 -6.1167E+00  1.0718E+01  3.6123E+00 -2.4302E+00 -1.8295E+01

0ITERATION NO.:    7    OBJECTIVE VALUE:   119.780238822811        NO. OF FUNC. EVALS.:   7
 CUMULATIVE NO. OF FUNC. EVALS.:       59
 NPARAMETR:  2.8580E+00  3.2223E+01  1.5454E+00  1.4287E-01  1.7395E-02  2.8092E-01  4.5910E-01
 PARAMETER:  1.1501E+00  5.7693E-01  5.3529E-01  2.7838E-01 -7.7450E-01  6.1645E-01 -2.8925E-01
 GRADIENT:   7.4499E+00  1.9634E+01 -1.5200E+00  9.9934E+00  3.2548E-01 -7.4567E+00 -1.2662E+01

0ITERATION NO.:    8    OBJECTIVE VALUE:   117.864020625487        NO. OF FUNC. EVALS.:   9
 CUMULATIVE NO. OF FUNC. EVALS.:       68
 NPARAMETR:  2.8529E+00  3.1758E+01  1.6395E+00  1.1207E-01  1.9102E-02  4.1042E-01  4.8351E-01
 PARAMETER:  1.1483E+00  5.6242E-01  5.9437E-01  1.5699E-01 -7.2770E-01  8.0600E-01 -2.6334E-01
 GRADIENT:   8.1519E+00  2.8928E+00  2.3244E+00  7.0661E+00  1.2225E+00  2.9378E-01  4.8265E-01

0ITERATION NO.:    9    OBJECTIVE VALUE:   117.260608677649        NO. OF FUNC. EVALS.:   7
 CUMULATIVE NO. OF FUNC. EVALS.:       75
 NPARAMETR:  2.7762E+00  3.1949E+01  1.6691E+00  8.0707E-02  2.2029E-02  4.9773E-01  4.8807E-01
 PARAMETER:  1.1211E+00  5.6841E-01  6.1229E-01 -7.1738E-03 -6.5640E-01  9.0244E-01 -2.5865E-01
 GRADIENT:   4.0293E+00  6.0684E+00  2.4566E+00  2.8982E+00  1.9987E+00  3.5008E+00  3.3605E+00

0ITERATION NO.:   10    OBJECTIVE VALUE:   117.012775306221        NO. OF FUNC. EVALS.:   7
 CUMULATIVE NO. OF FUNC. EVALS.:       82
 NPARAMETR:  2.7559E+00  3.1510E+01  1.6526E+00  7.4050E-02  2.0603E-02  4.6108E-01  4.8594E-01
 PARAMETER:  1.1138E+00  5.5457E-01  6.0236E-01 -5.0217E-02 -6.8986E-01  8.6420E-01 -2.6083E-01
 GRADIENT:   1.4899E+00 -6.3224E+00  2.4210E+00  1.3530E+00  1.0517E+00  2.2361E+00  2.3246E+00

0ITERATION NO.:   11    OBJECTIVE VALUE:   116.831931474882        NO. OF FUNC. EVALS.:   7
 CUMULATIVE NO. OF FUNC. EVALS.:       89
 NPARAMETR:  2.7351E+00  3.1702E+01  1.5679E+00  6.7182E-02  1.8581E-02  3.8982E-01  4.8150E-01
 PARAMETER:  1.1062E+00  5.6065E-01  5.4976E-01 -9.8879E-02 -7.4151E-01  7.8026E-01 -2.6542E-01
 GRADIENT:  -5.8399E-01 -2.6212E-01 -2.7249E-01 -5.8571E-01 -4.2143E-01 -5.7218E-01 -4.2428E-01

0ITERATION NO.:   12    OBJECTIVE VALUE:   116.812672241728        NO. OF FUNC. EVALS.:   7
 CUMULATIVE NO. OF FUNC. EVALS.:       96
 NPARAMETR:  2.7400E+00  3.1710E+01  1.5779E+00  6.9286E-02  1.9108E-02  4.0277E-01  4.8214E-01
 PARAMETER:  1.1080E+00  5.6091E-01  5.5607E-01 -8.3463E-02 -7.2753E-01  7.9660E-01 -2.6476E-01
 GRADIENT:   2.3635E-02 -4.8935E-02  6.8846E-02  3.2378E-02  5.2194E-03  2.2132E-02  5.2914E-02

0ITERATION NO.:   13    OBJECTIVE VALUE:   116.812672241728        NO. OF FUNC. EVALS.:  14
 CUMULATIVE NO. OF FUNC. EVALS.:      110
 NPARAMETR:  2.7400E+00  3.1710E+01  1.5779E+00  6.9286E-02  1.9108E-02  4.0277E-01  4.8214E-01
 PARAMETER:  1.1080E+00  5.6091E-01  5.5607E-01 -8.3463E-02 -7.2753E-01  7.9660E-01 -2.6476E-01
 GRADIENT:  -1.4590E+00 -3.0244E+00 -3.8069E-01  3.2378E-02  5.2194E-03  2.2132E-02 -1.6986E-02

0ITERATION NO.:   14    OBJECTIVE VALUE:   116.803779948338        NO. OF FUNC. EVALS.:  13
 CUMULATIVE NO. OF FUNC. EVALS.:      123
 NPARAMETR:  2.7551E+00  3.1800E+01  1.5889E+00  6.8932E-02  1.9079E-02  4.0261E-01  4.8197E-01
 PARAMETER:  1.1134E+00  5.6373E-01  5.6305E-01 -8.6028E-02 -7.2830E-01  7.9640E-01 -2.6493E-01
 GRADIENT:   3.5268E-01 -1.4376E-01 -3.2458E-02 -5.8362E-02 -5.6839E-02  1.2532E-02 -9.7369E-02

0ITERATION NO.:   15    OBJECTIVE VALUE:   116.803425772118        NO. OF FUNC. EVALS.:  13
 CUMULATIVE NO. OF FUNC. EVALS.:      136
 NPARAMETR:  2.7510E+00  3.1812E+01  1.5904E+00  6.9091E-02  1.9169E-02  4.0245E-01  4.8226E-01
 PARAMETER:  1.1120E+00  5.6413E-01  5.6398E-01 -8.4871E-02 -7.2595E-01  7.9620E-01 -2.6464E-01
 GRADIENT:  -5.0893E-02  8.8247E-02  1.1399E-03  1.5735E-03  4.1553E-03  4.5883E-03  2.0690E-02

0ITERATION NO.:   16    OBJECTIVE VALUE:   116.803425772118        NO. OF FUNC. EVALS.:   8
 CUMULATIVE NO. OF FUNC. EVALS.:      144
 NPARAMETR:  2.7510E+00  3.1812E+01  1.5904E+00  6.9091E-02  1.9169E-02  4.0245E-01  4.8226E-01
 PARAMETER:  1.1120E+00  5.6413E-01  5.6398E-01 -8.4871E-02 -7.2595E-01  7.9620E-01 -2.6464E-01
 GRADIENT:  -5.0893E-02  8.8247E-02  1.1399E-03  1.5735E-03  4.1553E-03  4.5883E-03  2.0690E-02

 #TERM:
0MINIMIZATION SUCCESSFUL
 NO. OF FUNCTION EVALUATIONS USED:      144
 NO. OF SIG. DIGITS IN FINAL EST.:  3.3

 ETABAR IS THE ARITHMETIC MEAN OF THE ETA-ESTIMATES,
 AND THE P-VALUE IS GIVEN FOR THE NULL HYPOTHESIS THAT THE TRUE MEAN IS 0.

 ETABAR:         3.2359E-03 -7.2132E-03 -1.0682E-02
 SE:             6.9832E-02  3.4314E-02  1.7223E-01
 N:                      12          12          12

 P VAL.:         9.6304E-01  8.3351E-01  9.5055E-01

 ETASHRINKSD(%)  3.8774E+00  1.0326E+01  1.7723E+00
 ETASHRINKVR(%)  7.6045E+00  1.9586E+01  3.5131E+00
 EBVSHRINKSD(%)  8.0227E+00  1.3214E+01  4.4316E+00
 EBVSHRINKVR(%)  1.5402E+01  2.4682E+01  8.6668E+00
 EPSSHRINKSD(%)  1.1956E+01
 EPSSHRINKVR(%)  2.2482E+01

  
 TOTAL DATA POINTS NORMALLY DISTRIBUTED (N):          132
 N*LOG(2PI) CONSTANT TO OBJECTIVE FUNCTION:    242.59977276603360     
 OBJECTIVE FUNCTION VALUE WITHOUT CONSTANT:    116.80342577211775     
 OBJECTIVE FUNCTION VALUE WITH CONSTANT:       359.40319853815134     
 REPORTED OBJECTIVE FUNCTION DOES NOT CONTAIN CONSTANT
  
 TOTAL EFFECTIVE ETAS (NIND*NETA):                            36
  
 #TERE:
 Elapsed estimation  time in seconds:     0.53
 Elapsed covariance  time in seconds:     0.10
 Elapsed postprocess time in seconds:     0.04
1
 
 
 
 
 
 
 
 
 
 
 
 
 
 
 
 
 
 
 
 
 ************************************************************************************************************************
 ********************                                                                                ********************
 ********************               FIRST ORDER CONDITIONAL ESTIMATION WITH INTERACTION              ********************
 #OBJT:**************                       MINIMUM VALUE OF OBJECTIVE FUNCTION                      ********************
 ********************                                                                                ********************
 ************************************************************************************************************************
 





 #OBJV:********************************************      116.803       **************************************************
1
 ************************************************************************************************************************
 ********************                                                                                ********************
 ********************               FIRST ORDER CONDITIONAL ESTIMATION WITH INTERACTION              ********************
 ********************                             FINAL PARAMETER ESTIMATE                           ********************
 ********************                                                                                ********************
 ************************************************************************************************************************
 


 THETA - VECTOR OF FIXED EFFECTS PARAMETERS   *********


         TH 1      TH 2      TH 3     
 
         2.75E+00  3.18E+01  1.59E+00
 


 OMEGA - COV MATRIX FOR RANDOM EFFECTS - ETAS  ********


         ETA1      ETA2      ETA3     
 
 ETA1
+        6.91E-02
 
 ETA2
+        0.00E+00  1.92E-02
 
 ETA3
+        0.00E+00  0.00E+00  4.02E-01
 


 SIGMA - COV MATRIX FOR RANDOM EFFECTS - EPSILONS  ****


         EPS1     
 
 EPS1
+        4.82E-01
 
1


 OMEGA - CORR MATRIX FOR RANDOM EFFECTS - ETAS  *******


         ETA1      ETA2      ETA3     
 
 ETA1
+        2.63E-01
 
 ETA2
+        0.00E+00  1.38E-01
 
 ETA3
+        0.00E+00  0.00E+00  6.34E-01
 


 SIGMA - CORR MATRIX FOR RANDOM EFFECTS - EPSILONS  ***


         EPS1     
 
 EPS1
+        6.94E-01
 
1
 ************************************************************************************************************************
 ********************                                                                                ********************
 ********************               FIRST ORDER CONDITIONAL ESTIMATION WITH INTERACTION              ********************
 ********************                            STANDARD ERROR OF ESTIMATE                          ********************
 ********************                                                                                ********************
 ************************************************************************************************************************
 


 THETA - VECTOR OF FIXED EFFECTS PARAMETERS   *********


         TH 1      TH 2      TH 3     
 
         2.30E-01  1.48E+00  3.05E-01
 


 OMEGA - COV MATRIX FOR RANDOM EFFECTS - ETAS  ********


         ETA1      ETA2      ETA3     
 
 ETA1
+        3.46E-02
 
 ETA2
+       .........  1.11E-02
 
 ETA3
+       ......... .........  1.88E-01
 


 SIGMA - COV MATRIX FOR RANDOM EFFECTS - EPSILONS  ****


         EPS1     
 
 EPS1
+        6.87E-02
 
1


 OMEGA - CORR MATRIX FOR RANDOM EFFECTS - ETAS  *******


         ETA1      ETA2      ETA3     
 
 ETA1
+        6.58E-02
 
 ETA2
+       .........  4.00E-02
 
 ETA3
+       ......... .........  1.48E-01
 


 SIGMA - CORR MATRIX FOR RANDOM EFFECTS - EPSILONS  ***


         EPS1     
 
 EPS1
+        4.95E-02
 
1
 ************************************************************************************************************************
 ********************                                                                                ********************
 ********************               FIRST ORDER CONDITIONAL ESTIMATION WITH INTERACTION              ********************
 ********************                          COVARIANCE MATRIX OF ESTIMATE                         ********************
 ********************                                                                                ********************
 ************************************************************************************************************************
 

            TH 1      TH 2      TH 3      OM11      OM12      OM13      OM22      OM23      OM33      SG11  
 
 TH 1
+        5.28E-02
 
 TH 2
+       -4.30E-02  2.20E+00
 
 TH 3
+       -3.71E-03  4.82E-02  9.31E-02
 
 OM11
+        3.10E-04 -2.11E-03 -1.96E-04  1.20E-03
 
 OM12
+       ......... ......... ......... ......... .........
 
 OM13
+       ......... ......... ......... ......... ......... .........
 
 OM22
+       -9.48E-05  1.52E-03  1.32E-04 -8.32E-05 ......... .........  1.22E-04
 
 OM23
+       ......... ......... ......... ......... ......... ......... ......... .........
 
 OM33
+        2.54E-04 -4.00E-03  2.11E-03 -1.24E-04 ......... .........  1.16E-04 .........  3.52E-02
 
 SG11
+       -2.06E-04  1.77E-03 -1.70E-04  1.51E-05 ......... ......... -4.08E-05 ......... -7.51E-04  4.72E-03
 
1
 ************************************************************************************************************************
 ********************                                                                                ********************
 ********************               FIRST ORDER CONDITIONAL ESTIMATION WITH INTERACTION              ********************
 ********************                          CORRELATION MATRIX OF ESTIMATE                        ********************
 ********************                                                                                ********************
 ************************************************************************************************************************
 

            TH 1      TH 2      TH 3      OM11      OM12      OM13      OM22      OM23      OM33      SG11  
 
 TH 1
+        2.30E-01
 
 TH 2
+       -1.26E-01  1.48E+00
 
 TH 3
+       -5.30E-02  1.07E-01  3.05E-01
 
 OM11
+        3.91E-02 -4.12E-02 -1.86E-02  3.46E-02
 
 OM12
+       ......... ......... ......... ......... .........
 
 OM13
+       ......... ......... ......... ......... ......... .........
 
 OM22
+       -3.73E-02  9.24E-02  3.92E-02 -2.17E-01 ......... .........  1.11E-02
 
 OM23
+       ......... ......... ......... ......... ......... ......... ......... .........
 
 OM33
+        5.90E-03 -1.44E-02  3.69E-02 -1.90E-02 ......... .........  5.59E-02 .........  1.88E-01
 
 SG11
+       -1.30E-02  1.74E-02 -8.11E-03  6.37E-03 ......... ......... -5.37E-02 ......... -5.83E-02  6.87E-02
 
1
 ************************************************************************************************************************
 ********************                                                                                ********************
 ********************               FIRST ORDER CONDITIONAL ESTIMATION WITH INTERACTION              ********************
 ********************                      INVERSE COVARIANCE MATRIX OF ESTIMATE                     ********************
 ********************                                                                                ********************
 ************************************************************************************************************************
 

            TH 1      TH 2      TH 3      OM11      OM12      OM13      OM22      OM23      OM33      SG11  
 
 TH 1
+        1.93E+01
 
 TH 2
+        3.55E-01  4.71E-01
 
 TH 3
+        5.72E-01 -2.24E-01  1.09E+01
 
 OM11
+       -3.78E+00  3.50E-01  6.57E-01  8.79E+02
 
 OM12
+       ......... ......... ......... ......... .........
 
 OM13
+       ......... ......... ......... ......... ......... .........
 
 OM22
+        7.78E+00 -5.22E+00 -7.39E+00  5.89E+02 ......... .........  8.69E+03
 
 OM23
+       ......... ......... ......... ......... ......... ......... ......... .........
 
 OM33
+       -1.56E-01  7.85E-02 -6.51E-01  1.22E+00 ......... ......... -2.53E+01 .........  2.86E+01
 
 SG11
+        7.84E-01 -2.03E-01  3.32E-01  2.19E+00 ......... .........  7.12E+01 .........  4.28E+00  2.13E+02
 
1
 
 
 
 
 
 
 
 
 
 
 
 
 
 
 
 
 
 
 
 
 ************************************************************************************************************************
 ********************                                                                                ********************
 ********************               FIRST ORDER CONDITIONAL ESTIMATION WITH INTERACTION              ********************
 ********************                      EIGENVALUES OF COR MATRIX OF ESTIMATE                     ********************
 ********************                                                                                ********************
 ************************************************************************************************************************
 

             1         2         3         4         5         6         7
 
         7.65E-01  8.60E-01  9.28E-01  9.50E-01  1.04E+00  1.13E+00  1.33E+00
 
 Elapsed finaloutput time in seconds:     0.03
 #CPUT: Total CPU Time in Seconds,        0.047
Stop Time: 
21.09.2023 
20:48
